
{
	gl.supports_vertex_array_object: true
	cocos2d.x.version: quick-cocos2d-x 3.3
	gl.vendor: Intel Inc.
	gl.supports_PVRTC: false
	gl.renderer: Intel HD Graphics 4000 OpenGL Engine
	cocos2d.x.compiled_with_profiler: false
	gl.max_texture_size: 16384
	gl.supports_ETC1: false
	gl.supports_BGRA8888: false
	cocos2d.x.build_type: DEBUG
	gl.supports_discard_framebuffer: false
	gl.supports_NPOT: true
	gl.supports_S3TC: true
	gl.version: 2.1 INTEL-10.12.13
	gl.supports_ATITC: false
	gl.max_texture_units: 16
	cocos2d.x.compiled_with_gl_state_cache: true
}


Quick-Cocos2d-x C++ support ready.
------------------------------------------------
LOAD LUA FILE: /Users/yangjianbao/Desktop/wanghui/MyGame/src/main.lua
------------------------------------------------
can not get file data of src/config.lua
[LUA ERROR] [string "app/MyApp.lua"]:2: module 'config' not found:
	no field package.preload['config']
	no file '/Users/yangjianbao/Desktop/wanghui/MyGame/srcc/config.lua'
	no file './config.lua'
	no file '/usr/local/share/lua/5.1/config.lua'
	no file '/usr/local/share/lua/5.1/config/init.lua'
	no file '/usr/local/lib/lua/5.1/config.lua'
	no file '/usr/local/lib/lua/5.1/config/init.lua'
	no file '/Users/yangjianbao/Desktop/wanghui/MyGame/src/config.lua'
	no file 'src/'
	no file './config.so'
	no file '/usr/local/lib/lua/5.1/config.so'
	no file '/usr/local/lib/lua/5.1/loadall.so'
